{"/Users/slavochek/Projects/public/claritypledge/tools/kanban/lib/scanner-rules.ts": {"path":"/Users/slavochek/Projects/public/claritypledge/tools/kanban/lib/scanner-rules.ts","statementMap":{"0":{"start":{"line":17,"column":47},"end":{"line":26,"column":null}},"1":{"start":{"line":28,"column":50},"end":{"line":28,"column":null}},"2":{"start":{"line":30,"column":43},"end":{"line":30,"column":null}},"3":{"start":{"line":33,"column":28},"end":{"line":33,"column":null}},"4":{"start":{"line":42,"column":36},"end":{"line":42,"column":null}},"5":{"start":{"line":58,"column":2},"end":{"line":60,"column":null}},"6":{"start":{"line":59,"column":4},"end":{"line":59,"column":null}},"7":{"start":{"line":63,"column":2},"end":{"line":65,"column":null}},"8":{"start":{"line":64,"column":4},"end":{"line":64,"column":null}},"9":{"start":{"line":67,"column":2},"end":{"line":67,"column":null}},"10":{"start":{"line":81,"column":2},"end":{"line":81,"column":null}},"11":{"start":{"line":91,"column":2},"end":{"line":91,"column":null}},"12":{"start":{"line":101,"column":2},"end":{"line":101,"column":null}},"13":{"start":{"line":111,"column":2},"end":{"line":111,"column":null}},"14":{"start":{"line":121,"column":2},"end":{"line":121,"column":null}},"15":{"start":{"line":131,"column":2},"end":{"line":133,"column":null}},"16":{"start":{"line":133,"column":22},"end":{"line":133,"column":45}},"17":{"start":{"line":151,"column":2},"end":{"line":153,"column":null}},"18":{"start":{"line":152,"column":4},"end":{"line":152,"column":null}},"19":{"start":{"line":156,"column":2},"end":{"line":161,"column":null}},"20":{"start":{"line":157,"column":4},"end":{"line":160,"column":null}},"21":{"start":{"line":164,"column":2},"end":{"line":169,"column":null}},"22":{"start":{"line":165,"column":4},"end":{"line":168,"column":null}},"23":{"start":{"line":172,"column":2},"end":{"line":177,"column":null}},"24":{"start":{"line":173,"column":4},"end":{"line":176,"column":null}},"25":{"start":{"line":180,"column":2},"end":{"line":185,"column":null}},"26":{"start":{"line":181,"column":4},"end":{"line":184,"column":null}},"27":{"start":{"line":188,"column":2},"end":{"line":193,"column":null}},"28":{"start":{"line":189,"column":4},"end":{"line":192,"column":null}},"29":{"start":{"line":195,"column":2},"end":{"line":195,"column":null}}},"fnMap":{"0":{"name":"shouldSkipFolder","decl":{"start":{"line":56,"column":16},"end":{"line":56,"column":33}},"loc":{"start":{"line":56,"column":62},"end":{"line":68,"column":null}},"line":56},"1":{"name":"isFeatureFile","decl":{"start":{"line":80,"column":16},"end":{"line":80,"column":30}},"loc":{"start":{"line":80,"column":57},"end":{"line":82,"column":null}},"line":80},"2":{"name":"isValidStatus","decl":{"start":{"line":90,"column":16},"end":{"line":90,"column":30}},"loc":{"start":{"line":90,"column":65},"end":{"line":92,"column":null}},"line":90},"3":{"name":"isValidType","decl":{"start":{"line":100,"column":16},"end":{"line":100,"column":28}},"loc":{"start":{"line":100,"column":64},"end":{"line":102,"column":null}},"line":100},"4":{"name":"isValidSize","decl":{"start":{"line":110,"column":16},"end":{"line":110,"column":28}},"loc":{"start":{"line":110,"column":57},"end":{"line":112,"column":null}},"line":110},"5":{"name":"isValidRank","decl":{"start":{"line":120,"column":16},"end":{"line":120,"column":28}},"loc":{"start":{"line":120,"column":59},"end":{"line":122,"column":null}},"line":120},"6":{"name":"isValidTags","decl":{"start":{"line":130,"column":16},"end":{"line":130,"column":28}},"loc":{"start":{"line":130,"column":61},"end":{"line":135,"column":null}},"line":130},"7":{"name":"(anonymous_7)","decl":{"start":{"line":133,"column":15},"end":{"line":133,"column":22}},"loc":{"start":{"line":133,"column":22},"end":{"line":133,"column":45}},"line":133},"8":{"name":"validateFrontmatter","decl":{"start":{"line":146,"column":16},"end":{"line":146,"column":36}},"loc":{"start":{"line":149,"column":2},"end":{"line":196,"column":null}},"line":149}},"branchMap":{"0":{"loc":{"start":{"line":58,"column":2},"end":{"line":60,"column":null}},"type":"if","locations":[{"start":{"line":58,"column":2},"end":{"line":60,"column":null}},{"start":{},"end":{}}],"line":58},"1":{"loc":{"start":{"line":63,"column":2},"end":{"line":65,"column":null}},"type":"if","locations":[{"start":{"line":63,"column":2},"end":{"line":65,"column":null}},{"start":{},"end":{}}],"line":63},"2":{"loc":{"start":{"line":81,"column":9},"end":{"line":81,"column":null}},"type":"binary-expr","locations":[{"start":{"line":81,"column":9},"end":{"line":81,"column":37}},{"start":{"line":81,"column":37},"end":{"line":81,"column":null}}],"line":81},"3":{"loc":{"start":{"line":91,"column":9},"end":{"line":91,"column":null}},"type":"binary-expr","locations":[{"start":{"line":91,"column":9},"end":{"line":91,"column":39}},{"start":{"line":91,"column":39},"end":{"line":91,"column":null}}],"line":91},"4":{"loc":{"start":{"line":101,"column":9},"end":{"line":101,"column":null}},"type":"binary-expr","locations":[{"start":{"line":101,"column":9},"end":{"line":101,"column":37}},{"start":{"line":101,"column":37},"end":{"line":101,"column":null}}],"line":101},"5":{"loc":{"start":{"line":111,"column":9},"end":{"line":111,"column":null}},"type":"binary-expr","locations":[{"start":{"line":111,"column":9},"end":{"line":111,"column":37}},{"start":{"line":111,"column":37},"end":{"line":111,"column":null}}],"line":111},"6":{"loc":{"start":{"line":121,"column":9},"end":{"line":121,"column":null}},"type":"binary-expr","locations":[{"start":{"line":121,"column":9},"end":{"line":121,"column":37}},{"start":{"line":121,"column":37},"end":{"line":121,"column":62}},{"start":{"line":121,"column":62},"end":{"line":121,"column":null}}],"line":121},"7":{"loc":{"start":{"line":132,"column":4},"end":{"line":133,"column":null}},"type":"binary-expr","locations":[{"start":{"line":132,"column":4},"end":{"line":132,"column":null}},{"start":{"line":133,"column":4},"end":{"line":133,"column":null}}],"line":132},"8":{"loc":{"start":{"line":151,"column":2},"end":{"line":153,"column":null}},"type":"if","locations":[{"start":{"line":151,"column":2},"end":{"line":153,"column":null}},{"start":{},"end":{}}],"line":151},"9":{"loc":{"start":{"line":156,"column":2},"end":{"line":161,"column":null}},"type":"if","locations":[{"start":{"line":156,"column":2},"end":{"line":161,"column":null}},{"start":{},"end":{}}],"line":156},"10":{"loc":{"start":{"line":164,"column":2},"end":{"line":169,"column":null}},"type":"if","locations":[{"start":{"line":164,"column":2},"end":{"line":169,"column":null}},{"start":{},"end":{}}],"line":164},"11":{"loc":{"start":{"line":172,"column":2},"end":{"line":177,"column":null}},"type":"if","locations":[{"start":{"line":172,"column":2},"end":{"line":177,"column":null}},{"start":{},"end":{}}],"line":172},"12":{"loc":{"start":{"line":172,"column":6},"end":{"line":172,"column":72}},"type":"binary-expr","locations":[{"start":{"line":172,"column":6},"end":{"line":172,"column":40}},{"start":{"line":172,"column":40},"end":{"line":172,"column":72}}],"line":172},"13":{"loc":{"start":{"line":180,"column":2},"end":{"line":185,"column":null}},"type":"if","locations":[{"start":{"line":180,"column":2},"end":{"line":185,"column":null}},{"start":{},"end":{}}],"line":180},"14":{"loc":{"start":{"line":180,"column":6},"end":{"line":180,"column":72}},"type":"binary-expr","locations":[{"start":{"line":180,"column":6},"end":{"line":180,"column":40}},{"start":{"line":180,"column":40},"end":{"line":180,"column":72}}],"line":180},"15":{"loc":{"start":{"line":188,"column":2},"end":{"line":193,"column":null}},"type":"if","locations":[{"start":{"line":188,"column":2},"end":{"line":193,"column":null}},{"start":{},"end":{}}],"line":188},"16":{"loc":{"start":{"line":188,"column":6},"end":{"line":188,"column":72}},"type":"binary-expr","locations":[{"start":{"line":188,"column":6},"end":{"line":188,"column":40}},{"start":{"line":188,"column":40},"end":{"line":188,"column":72}}],"line":188}},"s":{"0":1,"1":1,"2":1,"3":1,"4":1,"5":23,"6":6,"7":17,"8":7,"9":10,"10":13,"11":21,"12":10,"13":1,"14":17,"15":12,"16":9,"17":10,"18":1,"19":9,"20":2,"21":7,"22":2,"23":5,"24":1,"25":4,"26":0,"27":4,"28":1,"29":3},"f":{"0":23,"1":13,"2":21,"3":10,"4":1,"5":17,"6":12,"7":9,"8":10},"b":{"0":[6,17],"1":[7,10],"2":[13,10],"3":[21,17],"4":[10,8],"5":[1,1],"6":[17,13,11],"7":[12,8],"8":[1,9],"9":[2,7],"10":[2,5],"11":[1,4],"12":[5,3],"13":[0,4],"14":[4,1],"15":[1,3],"16":[4,3]},"meta":{"lastBranch":17,"lastFunction":9,"lastStatement":30,"seen":{"s:17:47:26:Infinity":0,"s:28:50:28:Infinity":1,"s:30:43:30:Infinity":2,"s:33:28:33:Infinity":3,"s:42:36:42:Infinity":4,"f:56:16:56:33":0,"b:58:2:60:Infinity:undefined:undefined:undefined:undefined":0,"s:58:2:60:Infinity":5,"s:59:4:59:Infinity":6,"b:63:2:65:Infinity:undefined:undefined:undefined:undefined":1,"s:63:2:65:Infinity":7,"s:64:4:64:Infinity":8,"s:67:2:67:Infinity":9,"f:80:16:80:30":1,"s:81:2:81:Infinity":10,"b:81:9:81:37:81:37:81:Infinity":2,"f:90:16:90:30":2,"s:91:2:91:Infinity":11,"b:91:9:91:39:91:39:91:Infinity":3,"f:100:16:100:28":3,"s:101:2:101:Infinity":12,"b:101:9:101:37:101:37:101:Infinity":4,"f:110:16:110:28":4,"s:111:2:111:Infinity":13,"b:111:9:111:37:111:37:111:Infinity":5,"f:120:16:120:28":5,"s:121:2:121:Infinity":14,"b:121:9:121:37:121:37:121:62:121:62:121:Infinity":6,"f:130:16:130:28":6,"s:131:2:133:Infinity":15,"b:132:4:132:Infinity:133:4:133:Infinity":7,"f:133:15:133:22":7,"s:133:22:133:45":16,"f:146:16:146:36":8,"b:151:2:153:Infinity:undefined:undefined:undefined:undefined":8,"s:151:2:153:Infinity":17,"s:152:4:152:Infinity":18,"b:156:2:161:Infinity:undefined:undefined:undefined:undefined":9,"s:156:2:161:Infinity":19,"s:157:4:160:Infinity":20,"b:164:2:169:Infinity:undefined:undefined:undefined:undefined":10,"s:164:2:169:Infinity":21,"s:165:4:168:Infinity":22,"b:172:2:177:Infinity:undefined:undefined:undefined:undefined":11,"s:172:2:177:Infinity":23,"b:172:6:172:40:172:40:172:72":12,"s:173:4:176:Infinity":24,"b:180:2:185:Infinity:undefined:undefined:undefined:undefined":13,"s:180:2:185:Infinity":25,"b:180:6:180:40:180:40:180:72":14,"s:181:4:184:Infinity":26,"b:188:2:193:Infinity:undefined:undefined:undefined:undefined":15,"s:188:2:193:Infinity":27,"b:188:6:188:40:188:40:188:72":16,"s:189:4:192:Infinity":28,"s:195:2:195:Infinity":29}}}
}
